<?xml version="1.0" encoding="UTF-8"?>
<!-- Generated by org.testng.reporters.JUnitReportReporter -->
<testsuite hostname="DESKTOP-O03MONF" name="com.OrangeHRMFunctionality.OrangeHRM_AddEmployeeID" tests="2" failures="0" timestamp="19 Jan 2020 11:28:36 GMT" time="99.772" errors="0">
  <testcase name="export_EmployeeId" time="94.637" classname="com.OrangeHRMFunctionality.OrangeHRM_AddEmployeeID"/>
  <testcase name="AddEmployee" time="5.135" classname="com.OrangeHRMFunctionality.OrangeHRM_AddEmployeeID"/>
</testsuite> <!-- com.OrangeHRMFunctionality.OrangeHRM_AddEmployeeID -->
