<?xml version="1.0" encoding="UTF-8"?>
<!-- Generated by org.testng.reporters.JUnitReportReporter -->
<testsuite hostname="DESKTOP-O03MONF" name="com.TestNG.Annottions1" tests="3" failures="0" timestamp="4 Jan 2020 16:29:47 GMT" time="0.031" errors="0">
  <testcase name="gmailLaunch" time="0.031" classname="com.TestNG.Annottions1"/>
  <testcase name="logIn" time="0.000" classname="com.TestNG.Annottions1"/>
  <testcase name="composeMail" time="0.000" classname="com.TestNG.Annottions1"/>
</testsuite> <!-- com.TestNG.Annottions1 -->
