<?xml version="1.0" encoding="UTF-8"?>
<!-- Generated by org.testng.reporters.JUnitReportReporter -->
<testsuite hostname="DESKTOP-O03MONF" name="com.RediffMail.RediffMailPage" tests="1" failures="0" timestamp="8 Jan 2020 16:50:23 GMT" time="2.408" errors="0">
  <testcase name="rediffMail" time="2.408" classname="com.RediffMail.RediffMailPage"/>
</testsuite> <!-- com.RediffMail.RediffMailPage -->
