<?xml version="1.0" encoding="UTF-8"?>
<!-- Generated by org.testng.reporters.JUnitReportReporter -->
<testsuite hostname="DESKTOP-O03MONF" name="com.NewToursSingleData.NewTours_SingleData_Excel" tests="3" failures="0" timestamp="7 Jan 2020 14:03:59 GMT" time="21.863" errors="0">
  <testcase name="userName" time="1.161" classname="com.NewToursSingleData.NewTours_SingleData_Excel"/>
  <testcase name="login" time="20.470" classname="com.NewToursSingleData.NewTours_SingleData_Excel"/>
  <testcase name="password" time="0.232" classname="com.NewToursSingleData.NewTours_SingleData_Excel"/>
</testsuite> <!-- com.NewToursSingleData.NewTours_SingleData_Excel -->
