<?xml version="1.0" encoding="UTF-8"?>
<!-- Generated by org.testng.reporters.JUnitReportReporter -->
<testsuite hostname="DESKTOP-O03MONF" name="com.TestNG.Annotations2" tests="3" failures="0" timestamp="4 Jan 2020 16:55:59 GMT" time="0.015" errors="0">
  <testcase name="inbox" time="0.000" classname="com.TestNG.Annotations2"/>
  <testcase name="sendMail" time="0.000" classname="com.TestNG.Annotations2"/>
  <testcase name="logIn" time="0.015" classname="com.TestNG.Annotations2"/>
</testsuite> <!-- com.TestNG.Annotations2 -->
