<?xml version="1.0" encoding="UTF-8"?>
<!-- Generated by org.testng.reporters.JUnitReportReporter -->
<testsuite hostname="DESKTOP-O03MONF" name="com.OrangeHRMFunctionality.OrangeHRM_EmployeeList" tests="1" failures="0" timestamp="19 Jan 2020 11:38:43 GMT" time="5.740" errors="0">
  <testcase name="AddEmployee" time="5.740" classname="com.OrangeHRMFunctionality.OrangeHRM_EmployeeList"/>
</testsuite> <!-- com.OrangeHRMFunctionality.OrangeHRM_EmployeeList -->
