<?xml version="1.0" encoding="UTF-8"?>
<!-- Generated by org.testng.reporters.JUnitReportReporter -->
<testsuite hostname="DESKTOP-O03MONF" name="com.NewTourRegistrationDetails.NewTourRegistrationDetails" tests="1" failures="0" timestamp="9 Jan 2020 17:18:31 GMT" time="16.549" errors="0">
  <testcase name="registrationPage" time="16.549" classname="com.NewTourRegistrationDetails.NewTourRegistrationDetails"/>
</testsuite> <!-- com.NewTourRegistrationDetails.NewTourRegistrationDetails -->
