<?xml version="1.0" encoding="UTF-8"?>
<!-- Generated by org.testng.reporters.JUnitReportReporter -->
<testsuite hostname="DESKTOP-O03MONF" name="com.Capturing_BingHomePage.Capturing_BingHomePage" tests="1" failures="0" timestamp="7 Jan 2020 16:26:35 GMT" time="12.350" errors="0">
  <testcase name="bing_Screenshot" time="12.350" classname="com.Capturing_BingHomePage.Capturing_BingHomePage"/>
</testsuite> <!-- com.Capturing_BingHomePage.Capturing_BingHomePage -->
