<?xml version="1.0" encoding="UTF-8"?>
<!-- Generated by org.testng.reporters.JUnitReportReporter -->
<testsuite hostname="DESKTOP-O03MONF" name="com.TimeAndDate.TimeAndDate" tests="1" failures="0" timestamp="8 Jan 2020 17:11:40 GMT" time="16.511" errors="0">
  <testcase name="CapturingCompleteWebTableData" time="16.511" classname="com.TimeAndDate.TimeAndDate"/>
</testsuite> <!-- com.TimeAndDate.TimeAndDate -->
