<?xml version="1.0" encoding="UTF-8"?>
<!-- Generated by org.testng.reporters.JUnitReportReporter -->
<testsuite hostname="DESKTOP-O03MONF" name="com.RadioButton_Function.Radio_Button_Status_Validation" tests="2" failures="0" timestamp="7 Jan 2020 20:23:18 GMT" time="2.667" errors="0">
  <testcase name="radioButton_Block2" time="1.321" classname="com.RadioButton_Function.Radio_Button_Status_Validation"/>
  <testcase name="radioButton_Block1" time="1.346" classname="com.RadioButton_Function.Radio_Button_Status_Validation"/>
</testsuite> <!-- com.RadioButton_Function.Radio_Button_Status_Validation -->
